<?xml version="1.0" encoding="UTF-8"?>
<testng-results ignored="0" total="1" passed="1" failed="0" skipped="0">
  <reporter-output>
  </reporter-output>
  <suite started-at="2023-10-23T10:39:45 EEST" name="Default suite" finished-at="2023-10-23T10:39:52 EEST" duration-ms="7250">
    <groups>
    </groups>
    <test started-at="2023-10-23T10:39:45 EEST" name="Default test" finished-at="2023-10-23T10:39:52 EEST" duration-ms="7250">
      <class name="myClassTEst">
        <test-method is-config="true" signature="myBeforTest()[pri:0, instance:myClassTEst@119290b9]" started-at="2023-10-23T10:39:45 EEST" name="myBeforTest" finished-at="2023-10-23T10:39:52 EEST" duration-ms="7204" status="PASS">
          <reporter-output>
          </reporter-output>
        </test-method> <!-- myBeforTest -->
        <test-method signature="myTestOne()[pri:0, instance:myClassTEst@119290b9]" started-at="2023-10-23T10:39:52 EEST" name="myTestOne" finished-at="2023-10-23T10:39:52 EEST" duration-ms="6" status="PASS">
          <reporter-output>
          </reporter-output>
        </test-method> <!-- myTestOne -->
        <test-method is-config="true" signature="myAfterTest()[pri:0, instance:myClassTEst@119290b9]" started-at="2023-10-23T10:39:52 EEST" name="myAfterTest" finished-at="2023-10-23T10:39:52 EEST" duration-ms="0" status="PASS">
          <reporter-output>
          </reporter-output>
        </test-method> <!-- myAfterTest -->
      </class> <!-- myClassTEst -->
    </test> <!-- Default test -->
  </suite> <!-- Default suite -->
</testng-results>
